This file contains any messages produced by compilers while
running configure, to aid debugging if configure makes a mistake.

It was created by Mini-XML blah 2.10, which was
generated by GNU Autoconf 2.69.  Invocation command line was

  $ ./blah 

## --------- ##
## Platform. ##
## --------- ##

hostname = Berkeley-VAIO
uname -m = x86_64
uname -r = 2.4.1(0.293/5/3)
uname -s = CYGWIN_NT-6.1
uname -v = 2016-01-24 11:26

/usr/bin/uname -p = unknown
/bin/uname -X     = unknown

/bin/arch              = x86_64
/usr/bin/arch -k       = unknown
/usr/convex/getsysinfo = unknown
/usr/bin/hostinfo      = unknown
/bin/machine           = unknown
/usr/bin/oslevel       = unknown
/bin/universe          = unknown

PATH: /usr/sbin
PATH: /home/Berkeley/bin
PATH: /usr/local/bin
PATH: /usr/bin
PATH: /cygdrive/c/gurobi702/win64/bin
PATH: /cygdrive/c/ProgramData/Oracle/Java/javapath
PATH: /cygdrive/c/Program Files/Common Files/Microsoft Shared/Windows Live
PATH: /cygdrive/c/Program Files (x86)/Common Files/Microsoft Shared/Windows Live
PATH: /cygdrive/c/Program Files (x86)/Intel/iCLS Client
PATH: /cygdrive/c/Program Files/Intel/iCLS Client
PATH: /cygdrive/c/Program Files (x86)/NVIDIA Corporation/PhysX/Common
PATH: /cygdrive/c/Windows/system32
PATH: /cygdrive/c/Windows
PATH: /cygdrive/c/Windows/System32/Wbem
PATH: /cygdrive/c/Windows/System32/WindowsPowerShell/v1.0
PATH: /cygdrive/c/Program Files (x86)/Intel/OpenCL SDK/2.0/bin/x86
PATH: /cygdrive/c/Program Files (x86)/Intel/OpenCL SDK/2.0/bin/x64
PATH: /cygdrive/c/Program Files/Intel/Intel(R) Management Engine Components/DAL
PATH: /cygdrive/c/Program Files/Intel/Intel(R) Management Engine Components/IPT
PATH: /cygdrive/c/Program Files (x86)/Intel/Intel(R) Management Engine Components/DAL
PATH: /cygdrive/c/Program Files (x86)/Intel/Intel(R) Management Engine Components/IPT
PATH: /cygdrive/c/Program Files/Intel/WiFi/bin
PATH: /cygdrive/c/Program Files/Common Files/Intel/WirelessCommon
PATH: /cygdrive/c/Program Files/Sony/VAIO Improvement
PATH: /cygdrive/c/Program Files (x86)/Sony/VAIO Startup Setting Tool
PATH: /cygdrive/c/Program Files (x86)/Windows Live/Shared
PATH: /cygdrive/c/Program Files/MATLAB/R2017a/runtime/win64
PATH: /cygdrive/c/Program Files/MATLAB/R2017a/bin
PATH: /cygdrive/c/Program Files/MATLAB/R2013a/runtime/win64
PATH: /cygdrive/c/Program Files/MATLAB/R2013a/bin
PATH: /cygdrive/c/Program Files/MATLAB/R2012a/runtime/win64
PATH: /cygdrive/c/Program Files/MATLAB/R2012a/bin
PATH: /cygdrive/c/Program Files/Java/jdk1.7.0_17/bin
PATH: /cygdrive/c/apache-maven-3.0.5/bin
PATH: /cygdrive/c/Program Files (x86)/MiKTeX 2.9/miktex/bin
PATH: /cygdrive/c/Program Files (x86)/sbt/bin
PATH: /cygdrive/c/Program Files/TortoiseGit/bin
PATH: /cygdrive/c/Program Files (x86)/Microsoft SQL Server/90/Tools/binn
PATH: /cygdrive/c/Program Files (x86)/QuickTime/QTSystem
PATH: /cygdrive/c/Python27
PATH: /cygdrive/c/Python27/Scripts
PATH: /cygdrive/c/Program Files (x86)/Skype/Phone
PATH: /cygdrive/c/Program Files/PuTTY
PATH: /cygdrive/c/python_Anaconda2
PATH: /cygdrive/c/python_Anaconda2/Scripts
PATH: /cygdrive/c/python_Anaconda2/Library/bin
PATH: /cygdrive/c/Program Files (x86)/sbt/bin
PATH: /cygdrive/c/Program Files (x86)/SSH Communications Security/SSH Secure Shell
PATH: .


## ----------- ##
## Core tests. ##
## ----------- ##

blah:2295: checking for gcc
blah:2311: found /usr/bin/gcc
blah:2322: result: gcc
blah:2551: checking for C compiler version
blah:2560: gcc --version >&5
gcc (GCC) 5.3.0
Copyright (C) 2015 Free Software Foundation, Inc.
This is free software; see the source for copying conditions.  There is NO
warranty; not even for MERCHANTABILITY or FITNESS FOR A PARTICULAR PURPOSE.

blah:2571: $? = 0
blah:2560: gcc -v >&5
Using built-in specs.
COLLECT_GCC=gcc
COLLECT_LTO_WRAPPER=/usr/lib/gcc/x86_64-pc-cygwin/5.3.0/lto-wrapper.exe
Target: x86_64-pc-cygwin
Configured with: /cygdrive/i/szsz/tmpp/gcc/gcc-5.3.0-3.x86_64/src/gcc-5.3.0/configure --srcdir=/cygdrive/i/szsz/tmpp/gcc/gcc-5.3.0-3.x86_64/src/gcc-5.3.0 --prefix=/usr --exec-prefix=/usr --localstatedir=/var --sysconfdir=/etc --docdir=/usr/share/doc/gcc --htmldir=/usr/share/doc/gcc/html -C --build=x86_64-pc-cygwin --host=x86_64-pc-cygwin --target=x86_64-pc-cygwin --without-libiconv-prefix --without-libintl-prefix --libexecdir=/usr/lib --enable-shared --enable-shared-libgcc --enable-static --enable-version-specific-runtime-libs --enable-bootstrap --enable-__cxa_atexit --with-dwarf2 --with-tune=generic --enable-languages=ada,c,c++,fortran,lto,objc,obj-c++ --enable-graphite --enable-threads=posix --enable-libatomic --enable-libcilkrts --enable-libgomp --enable-libitm --enable-libquadmath --enable-libquadmath-support --enable-libssp --enable-libada --enable-libgcj-sublibs --disable-java-awt --disable-symvers --with-ecj-jar=/usr/share/java/ecj.jar --with-gnu-ld --with-gnu-as --with-cloog-include=/usr/include/cloog-isl --without-libiconv-prefix --without-libintl-prefix --with-system-zlib --enable-linker-build-id --with-default-libstdcxx-abi=gcc4-compatible
Thread model: posix
gcc version 5.3.0 (GCC) 
blah:2571: $? = 0
blah:2560: gcc -V >&5
gcc: error: unrecognized command line option '-V'
gcc: fatal error: no input files
compilation terminated.
blah:2571: $? = 1
blah:2560: gcc -qversion >&5
gcc: error: unrecognized command line option '-qversion'
gcc: fatal error: no input files
compilation terminated.
blah:2571: $? = 1
blah:2591: checking whether the C compiler works
blah:2613: gcc    conftest.c  >&5
blah:2617: $? = 0
blah:2665: result: yes
blah:2668: checking for C compiler default output file name
blah:2670: result: a.exe
blah:2676: checking for suffix of executables
blah:2683: gcc -o conftest.exe    conftest.c  >&5
blah:2687: $? = 0
blah:2709: result: .exe
blah:2731: checking whether we are cross compiling
blah:2739: gcc -o conftest.exe    conftest.c  >&5
blah:2743: $? = 0
blah:2750: ./conftest.exe
blah:2754: $? = 0
blah:2769: result: no
blah:2774: checking for suffix of object files
blah:2796: gcc -c   conftest.c >&5
blah:2800: $? = 0
blah:2821: result: o
blah:2825: checking whether we are using the GNU C compiler
blah:2844: gcc -c   conftest.c >&5
blah:2844: $? = 0
blah:2853: result: yes
blah:2862: checking whether gcc accepts -g
blah:2882: gcc -c -g  conftest.c >&5
blah:2882: $? = 0
blah:2923: result: yes
blah:2940: checking for gcc option to accept ISO C89
blah:3003: gcc  -c   conftest.c >&5
blah:3003: $? = 0
blah:3016: result: none needed
blah:3094: checking for g++
blah:3110: found /usr/bin/g++
blah:3121: result: g++
blah:3148: checking for C++ compiler version
blah:3157: g++ --version >&5
g++ (GCC) 5.3.0
Copyright (C) 2015 Free Software Foundation, Inc.
This is free software; see the source for copying conditions.  There is NO
warranty; not even for MERCHANTABILITY or FITNESS FOR A PARTICULAR PURPOSE.

blah:3168: $? = 0
blah:3157: g++ -v >&5
Using built-in specs.
COLLECT_GCC=g++
COLLECT_LTO_WRAPPER=/usr/lib/gcc/x86_64-pc-cygwin/5.3.0/lto-wrapper.exe
Target: x86_64-pc-cygwin
Configured with: /cygdrive/i/szsz/tmpp/gcc/gcc-5.3.0-3.x86_64/src/gcc-5.3.0/configure --srcdir=/cygdrive/i/szsz/tmpp/gcc/gcc-5.3.0-3.x86_64/src/gcc-5.3.0 --prefix=/usr --exec-prefix=/usr --localstatedir=/var --sysconfdir=/etc --docdir=/usr/share/doc/gcc --htmldir=/usr/share/doc/gcc/html -C --build=x86_64-pc-cygwin --host=x86_64-pc-cygwin --target=x86_64-pc-cygwin --without-libiconv-prefix --without-libintl-prefix --libexecdir=/usr/lib --enable-shared --enable-shared-libgcc --enable-static --enable-version-specific-runtime-libs --enable-bootstrap --enable-__cxa_atexit --with-dwarf2 --with-tune=generic --enable-languages=ada,c,c++,fortran,lto,objc,obj-c++ --enable-graphite --enable-threads=posix --enable-libatomic --enable-libcilkrts --enable-libgomp --enable-libitm --enable-libquadmath --enable-libquadmath-support --enable-libssp --enable-libada --enable-libgcj-sublibs --disable-java-awt --disable-symvers --with-ecj-jar=/usr/share/java/ecj.jar --with-gnu-ld --with-gnu-as --with-cloog-include=/usr/include/cloog-isl --without-libiconv-prefix --without-libintl-prefix --with-system-zlib --enable-linker-build-id --with-default-libstdcxx-abi=gcc4-compatible
Thread model: posix
gcc version 5.3.0 (GCC) 
blah:3168: $? = 0
blah:3157: g++ -V >&5
g++: error: unrecognized command line option '-V'
g++: fatal error: no input files
compilation terminated.
blah:3168: $? = 1
blah:3157: g++ -qversion >&5
g++: error: unrecognized command line option '-qversion'
g++: fatal error: no input files
compilation terminated.
blah:3168: $? = 1
blah:3172: checking whether we are using the GNU C++ compiler
blah:3191: g++ -c   conftest.cpp >&5
blah:3191: $? = 0
blah:3200: result: yes
blah:3209: checking whether g++ accepts -g
blah:3229: g++ -c -g  conftest.cpp >&5
blah:3229: $? = 0
blah:3270: result: yes
blah:3336: checking for a BSD-compatible install
blah:3404: result: /usr/bin/install -c
blah:3462: checking for ranlib
blah:3478: found /usr/bin/ranlib
blah:3489: result: ranlib
blah:3513: checking for ar
blah:3531: found /usr/bin/ar
blah:3543: result: /usr/bin/ar
blah:3553: checking for cp
blah:3571: found /usr/bin/cp
blah:3583: result: /usr/bin/cp
blah:3593: checking for ln
blah:3611: found /usr/bin/ln
blah:3623: result: /usr/bin/ln
blah:3633: checking for mkdir
blah:3651: found /usr/bin/mkdir
blah:3663: result: /usr/bin/mkdir
blah:3673: checking for rm
blah:3691: found /usr/bin/rm
blah:3703: result: /usr/bin/rm
blah:3724: checking for inline
blah:3740: gcc -c   conftest.c >&5
blah:3740: $? = 0
blah:3748: result: inline
blah:3770: checking for strdup
blah:3770: gcc -o conftest.exe    conftest.c  >&5
conftest.c:33:6: warning: conflicting types for built-in function 'strdup'
 char strdup ();
      ^
blah:3770: $? = 0
blah:3770: result: yes
blah:3785: checking for snprintf
blah:3785: gcc -o conftest.exe    conftest.c  >&5
conftest.c:34:6: warning: conflicting types for built-in function 'snprintf'
 char snprintf ();
      ^
blah:3785: $? = 0
blah:3785: result: yes
blah:3785: checking for vsnprintf
blah:3785: gcc -o conftest.exe    conftest.c  >&5
conftest.c:35:6: warning: conflicting types for built-in function 'vsnprintf'
 char vsnprintf ();
      ^
blah:3785: $? = 0
blah:3785: result: yes
blah:3796: checking for long long int
blah:3823: result: yes
blah:3847: checking how to run the C preprocessor
blah:3878: gcc -E  conftest.c
blah:3878: $? = 0
blah:3892: gcc -E  conftest.c
conftest.c:14:28: fatal error: ac_nonexistent.h: No such file or directory
compilation terminated.
blah:3892: $? = 1
blah: failed program was:
| /* confdefs.h */
| #define PACKAGE_NAME "Mini-XML"
| #define PACKAGE_TARNAME "mxml"
| #define PACKAGE_VERSION "2.10"
| #define PACKAGE_STRING "Mini-XML 2.10"
| #define PACKAGE_BUGREPORT "http://www.msweet.org/bugs.php/Mini-XML"
| #define PACKAGE_URL "http://www.msweet.org/projects.php/Mini-XML"
| #define MXML_VERSION "Mini-XML v2.10"
| #define HAVE_STRDUP 1
| #define HAVE_SNPRINTF 1
| #define HAVE_VSNPRINTF 1
| #define HAVE_LONG_LONG 1
| /* end confdefs.h.  */
| #include <ac_nonexistent.h>
blah:3917: result: gcc -E
blah:3937: gcc -E  conftest.c
blah:3937: $? = 0
blah:3951: gcc -E  conftest.c
conftest.c:14:28: fatal error: ac_nonexistent.h: No such file or directory
compilation terminated.
blah:3951: $? = 1
blah: failed program was:
| /* confdefs.h */
| #define PACKAGE_NAME "Mini-XML"
| #define PACKAGE_TARNAME "mxml"
| #define PACKAGE_VERSION "2.10"
| #define PACKAGE_STRING "Mini-XML 2.10"
| #define PACKAGE_BUGREPORT "http://www.msweet.org/bugs.php/Mini-XML"
| #define PACKAGE_URL "http://www.msweet.org/projects.php/Mini-XML"
| #define MXML_VERSION "Mini-XML v2.10"
| #define HAVE_STRDUP 1
| #define HAVE_SNPRINTF 1
| #define HAVE_VSNPRINTF 1
| #define HAVE_LONG_LONG 1
| /* end confdefs.h.  */
| #include <ac_nonexistent.h>
blah:3980: checking for grep that handles long lines and -e
blah:4038: result: /usr/bin/grep
blah:4043: checking for egrep
blah:4105: result: /usr/bin/grep -E
blah:4110: checking for ANSI C header files
blah:4130: gcc -c   conftest.c >&5
blah:4130: $? = 0
blah:4203: gcc -o conftest.exe    conftest.c  >&5
blah:4203: $? = 0
blah:4203: ./conftest.exe
blah:4203: $? = 0
blah:4214: result: yes
blah:4227: checking for sys/types.h
blah:4227: gcc -c   conftest.c >&5
blah:4227: $? = 0
blah:4227: result: yes
blah:4227: checking for sys/stat.h
blah:4227: gcc -c   conftest.c >&5
blah:4227: $? = 0
blah:4227: result: yes
blah:4227: checking for stdlib.h
blah:4227: gcc -c   conftest.c >&5
blah:4227: $? = 0
blah:4227: result: yes
blah:4227: checking for string.h
blah:4227: gcc -c   conftest.c >&5
blah:4227: $? = 0
blah:4227: result: yes
blah:4227: checking for memory.h
blah:4227: gcc -c   conftest.c >&5
blah:4227: $? = 0
blah:4227: result: yes
blah:4227: checking for strings.h
blah:4227: gcc -c   conftest.c >&5
blah:4227: $? = 0
blah:4227: result: yes
blah:4227: checking for inttypes.h
blah:4227: gcc -c   conftest.c >&5
blah:4227: $? = 0
blah:4227: result: yes
blah:4227: checking for stdint.h
blah:4227: gcc -c   conftest.c >&5
blah:4227: $? = 0
blah:4227: result: yes
blah:4227: checking for unistd.h
blah:4227: gcc -c   conftest.c >&5
blah:4227: $? = 0
blah:4227: result: yes
blah:4239: checking pthread.h usability
blah:4239: gcc -c   conftest.c >&5
blah:4239: $? = 0
blah:4239: result: yes
blah:4239: checking pthread.h presence
blah:4239: gcc -E  conftest.c
blah:4239: $? = 0
blah:4239: result: yes
blah:4239: checking for pthread.h
blah:4239: result: yes
blah:4249: checking for pthread_create using -lpthreads
blah:4264: gcc -o conftest.exe    conftest.c -lpthreads  >&5
/usr/lib/gcc/x86_64-pc-cygwin/5.3.0/../../../../x86_64-pc-cygwin/bin/ld: cannot find -lpthreads
collect2: error: ld returned 1 exit status
blah:4264: $? = 1
blah: failed program was:
| /* confdefs.h */
| #define PACKAGE_NAME "Mini-XML"
| #define PACKAGE_TARNAME "mxml"
| #define PACKAGE_VERSION "2.10"
| #define PACKAGE_STRING "Mini-XML 2.10"
| #define PACKAGE_BUGREPORT "http://www.msweet.org/bugs.php/Mini-XML"
| #define PACKAGE_URL "http://www.msweet.org/projects.php/Mini-XML"
| #define MXML_VERSION "Mini-XML v2.10"
| #define HAVE_STRDUP 1
| #define HAVE_SNPRINTF 1
| #define HAVE_VSNPRINTF 1
| #define HAVE_LONG_LONG 1
| #define STDC_HEADERS 1
| #define HAVE_SYS_TYPES_H 1
| #define HAVE_SYS_STAT_H 1
| #define HAVE_STDLIB_H 1
| #define HAVE_STRING_H 1
| #define HAVE_MEMORY_H 1
| #define HAVE_STRINGS_H 1
| #define HAVE_INTTYPES_H 1
| #define HAVE_STDINT_H 1
| #define HAVE_UNISTD_H 1
| #define HAVE_PTHREAD_H 1
| /* end confdefs.h.  */
| #include <pthread.h>
| int
| main ()
| {
| pthread_create(0, 0, 0, 0);
|   ;
|   return 0;
| }
blah:4269: result: no
blah:4249: checking for pthread_create using -lpthread
blah:4264: gcc -o conftest.exe    conftest.c -lpthread  >&5
blah:4264: $? = 0
blah:4269: result: yes
blah:4301: checking for shared library support
blah:4359: result: no
blah:4361: WARNING: shared libraries not supported on this platform.
blah:4585: creating ./config.status

## ---------------------- ##
## Running config.status. ##
## ---------------------- ##

This file was extended by Mini-XML config.status 2.10, which was
generated by GNU Autoconf 2.69.  Invocation command line was

  CONFIG_FILES    = 
  CONFIG_HEADERS  = 
  CONFIG_LINKS    = 
  CONFIG_COMMANDS = 
  $ ./config.status 

on Berkeley-VAIO

config.status:831: creating Makefile
config.status:831: creating mxml.list
config.status:831: creating mxml.pc
config.status:831: creating config.h

## ---------------- ##
## Cache variables. ##
## ---------------- ##

ac_cv_c_compiler_gnu=yes
ac_cv_c_inline=inline
ac_cv_c_long_long=yes
ac_cv_cxx_compiler_gnu=yes
ac_cv_env_CCC_set=
ac_cv_env_CCC_value=
ac_cv_env_CC_set=
ac_cv_env_CC_value=
ac_cv_env_CFLAGS_set=
ac_cv_env_CFLAGS_value=
ac_cv_env_CPPFLAGS_set=
ac_cv_env_CPPFLAGS_value=
ac_cv_env_CPP_set=
ac_cv_env_CPP_value=
ac_cv_env_CXXFLAGS_set=
ac_cv_env_CXXFLAGS_value=
ac_cv_env_CXX_set=
ac_cv_env_CXX_value=
ac_cv_env_LDFLAGS_set=
ac_cv_env_LDFLAGS_value=
ac_cv_env_LIBS_set=
ac_cv_env_LIBS_value=
ac_cv_env_build_alias_set=
ac_cv_env_build_alias_value=
ac_cv_env_host_alias_set=
ac_cv_env_host_alias_value=
ac_cv_env_target_alias_set=
ac_cv_env_target_alias_value=
ac_cv_exeext=.exe
ac_cv_func_snprintf=yes
ac_cv_func_strdup=yes
ac_cv_func_vsnprintf=yes
ac_cv_header_inttypes_h=yes
ac_cv_header_memory_h=yes
ac_cv_header_pthread_h=yes
ac_cv_header_stdc=yes
ac_cv_header_stdint_h=yes
ac_cv_header_stdlib_h=yes
ac_cv_header_string_h=yes
ac_cv_header_strings_h=yes
ac_cv_header_sys_stat_h=yes
ac_cv_header_sys_types_h=yes
ac_cv_header_unistd_h=yes
ac_cv_objext=o
ac_cv_path_AR=/usr/bin/ar
ac_cv_path_CP=/usr/bin/cp
ac_cv_path_EGREP='/usr/bin/grep -E'
ac_cv_path_GREP=/usr/bin/grep
ac_cv_path_LN=/usr/bin/ln
ac_cv_path_MKDIR=/usr/bin/mkdir
ac_cv_path_RM=/usr/bin/rm
ac_cv_path_install='/usr/bin/install -c'
ac_cv_prog_CPP='gcc -E'
ac_cv_prog_ac_ct_CC=gcc
ac_cv_prog_ac_ct_CXX=g++
ac_cv_prog_ac_ct_RANLIB=ranlib
ac_cv_prog_cc_c89=
ac_cv_prog_cc_g=yes
ac_cv_prog_cxx_g=yes

## ----------------- ##
## Output variables. ##
## ----------------- ##

AR='/usr/bin/ar'
ARCHFLAGS=''
ARFLAGS='crvs'
CC='gcc'
CFLAGS='-Wall '
CP='/usr/bin/cp'
CPP='gcc -E'
CPPFLAGS=''
CXX='g++'
CXXFLAGS=''
DEFS='-DHAVE_CONFIG_H'
DSO=':'
DSOFLAGS=''
ECHO_C=''
ECHO_N='-n'
ECHO_T=''
EGREP='/usr/bin/grep -E'
EXEEXT='.exe'
GREP='/usr/bin/grep'
INSTALL_DATA='${INSTALL} -m 644'
INSTALL_PROGRAM='${INSTALL}'
INSTALL_SCRIPT='${INSTALL}'
LDFLAGS=''
LIBMXML='libmxml.a'
LIBOBJS=''
LIBS=''
LN='/usr/bin/ln'
LTLIBOBJS=''
MKDIR='/usr/bin/mkdir'
OBJEXT='o'
OPTIM='-Os -g'
PACKAGE_BUGREPORT='http://www.msweet.org/bugs.php/Mini-XML'
PACKAGE_NAME='Mini-XML'
PACKAGE_STRING='Mini-XML 2.10'
PACKAGE_TARNAME='mxml'
PACKAGE_URL='http://www.msweet.org/projects.php/Mini-XML'
PACKAGE_VERSION='2.10'
PATH_SEPARATOR=':'
PC_CFLAGS='-I${prefix}/include'
PC_LIBS='-L${exec_prefix}/lib -lmxml'
PICFLAG='0'
PTHREAD_FLAGS='-D_THREAD_SAFE -D_REENTRANT'
PTHREAD_LIBS='-lpthread'
RANLIB='ranlib'
RM='/usr/bin/rm'
SHELL='/bin/sh'
VERSION='2.10'
ac_ct_CC='gcc'
ac_ct_CXX='g++'
bindir='${exec_prefix}/bin'
build_alias=''
datadir='${datarootdir}'
datarootdir='${prefix}/share'
docdir='${datarootdir}/doc/mxml'
dvidir='${docdir}'
exec_prefix='/usr/local'
host_alias=''
htmldir='${docdir}'
includedir='${prefix}/include'
infodir='${datarootdir}/info'
libdir='${exec_prefix}/lib'
libexecdir='${exec_prefix}/libexec'
localedir='${datarootdir}/locale'
localstatedir='${prefix}/var'
mandir='${datarootdir}/man'
oldincludedir='/usr/include'
pdfdir='${docdir}'
prefix='/usr/local'
program_transform_name='s,x,x,'
psdir='${docdir}'
sbindir='${exec_prefix}/sbin'
sharedstatedir='${prefix}/com'
sysconfdir='${prefix}/etc'
target_alias=''

## ----------- ##
## confdefs.h. ##
## ----------- ##

/* confdefs.h */
#define PACKAGE_NAME "Mini-XML"
#define PACKAGE_TARNAME "mxml"
#define PACKAGE_VERSION "2.10"
#define PACKAGE_STRING "Mini-XML 2.10"
#define PACKAGE_BUGREPORT "http://www.msweet.org/bugs.php/Mini-XML"
#define PACKAGE_URL "http://www.msweet.org/projects.php/Mini-XML"
#define MXML_VERSION "Mini-XML v2.10"
#define HAVE_STRDUP 1
#define HAVE_SNPRINTF 1
#define HAVE_VSNPRINTF 1
#define HAVE_LONG_LONG 1
#define STDC_HEADERS 1
#define HAVE_SYS_TYPES_H 1
#define HAVE_SYS_STAT_H 1
#define HAVE_STDLIB_H 1
#define HAVE_STRING_H 1
#define HAVE_MEMORY_H 1
#define HAVE_STRINGS_H 1
#define HAVE_INTTYPES_H 1
#define HAVE_STDINT_H 1
#define HAVE_UNISTD_H 1
#define HAVE_PTHREAD_H 1

blah: exit 0
